<?xml version="1.0" encoding="UTF-8"?>
<!-- Generated by org.testng.reporters.JUnitReportReporter -->
<testsuite hostname="dell" failures="0" tests="4" name="testlogin.homePage" time="17.907" errors="1" timestamp="2022-07-01T16:07:02 EET" skipped="3">
  <testcase classname="testlogin.homePage" name="login" time="17.907">
    <error message="Parameter &#039;destFile&#039; is not a file: C:\Users\abdo\Desktop\selenium-webdriver-java-course-c4.3\Testcase" type="java.lang.IllegalArgumentException">
      <![CDATA[java.lang.IllegalArgumentException: Parameter 'destFile' is not a file: C:\Users\abdo\Desktop\selenium-webdriver-java-course-c4.3\Testcase
at org.apache.commons.io.FileUtils.requireFile(FileUtils.java:2737)
at org.apache.commons.io.FileUtils.requireFileIfExists(FileUtils.java:2766)
at org.apache.commons.io.FileUtils.copyFile(FileUtils.java:844)
at org.apache.commons.io.FileUtils.copyFile(FileUtils.java:756)
at testlogin.homePage.login(homePage.java:32)
at java.base/jdk.internal.reflect.DirectMethodHandleAccessor.invoke(DirectMethodHandleAccessor.java:104)
at java.base/java.lang.reflect.Method.invoke(Method.java:577)
at org.testng.internal.invokers.MethodInvocationHelper.invokeMethod(MethodInvocationHelper.java:139)
at org.testng.internal.invokers.MethodInvocationHelper.invokeMethodConsideringTimeout(MethodInvocationHelper.java:69)
at org.testng.internal.invokers.ConfigInvoker.invokeConfigurationMethod(ConfigInvoker.java:361)
at org.testng.internal.invokers.ConfigInvoker.invokeConfigurations(ConfigInvoker.java:296)
at org.testng.internal.invokers.TestInvoker.runConfigMethods(TestInvoker.java:816)
at org.testng.internal.invokers.TestInvoker.invokeMethod(TestInvoker.java:590)
at org.testng.internal.invokers.TestInvoker.invokeTestMethod(TestInvoker.java:221)
at org.testng.internal.invokers.MethodRunner.runInSequence(MethodRunner.java:50)
at org.testng.internal.invokers.TestInvoker$MethodInvocationAgent.invoke(TestInvoker.java:962)
at org.testng.internal.invokers.TestInvoker.invokeTestMethods(TestInvoker.java:194)
at org.testng.internal.invokers.TestMethodWorker.invokeTestMethods(TestMethodWorker.java:148)
at org.testng.internal.invokers.TestMethodWorker.run(TestMethodWorker.java:128)
at java.base/java.util.ArrayList.forEach(ArrayList.java:1511)
at org.testng.TestRunner.privateRun(TestRunner.java:806)
at org.testng.TestRunner.run(TestRunner.java:601)
at org.testng.SuiteRunner.runTest(SuiteRunner.java:433)
at org.testng.SuiteRunner.runSequentially(SuiteRunner.java:427)
at org.testng.SuiteRunner.privateRun(SuiteRunner.java:387)
at org.testng.SuiteRunner.run(SuiteRunner.java:330)
at org.testng.SuiteRunnerWorker.runSuite(SuiteRunnerWorker.java:52)
at org.testng.SuiteRunnerWorker.run(SuiteRunnerWorker.java:95)
at org.testng.TestNG.runSuitesSequentially(TestNG.java:1256)
at org.testng.TestNG.runSuitesLocally(TestNG.java:1176)
at org.testng.TestNG.runSuites(TestNG.java:1099)
at org.testng.TestNG.run(TestNG.java:1067)
at com.intellij.rt.testng.IDEARemoteTestNG.run(IDEARemoteTestNG.java:66)
at com.intellij.rt.testng.RemoteTestNGStarter.main(RemoteTestNGStarter.java:109)
]]>
    </error>
  </testcase> <!-- login -->
  <system-out/>
  <testcase classname="testlogin.homePage" name="clickContactTests" time="0.000">
    <skipped/>
  </testcase> <!-- clickContactTests -->
  <system-out/>
  <testcase classname="testlogin.homePage" name="clickdealsTests" time="0.000">
    <skipped/>
  </testcase> <!-- clickdealsTests -->
  <system-out/>
  <testcase classname="testlogin.homePage" name="clickTasksTests" time="0.000">
    <skipped/>
  </testcase> <!-- clickTasksTests -->
  <system-out/>
</testsuite> <!-- testlogin.homePage -->
